02/03/2026 15:43:22 - INFO - ---- INICIANDO AUTOMAÇÃO EXCEL -> WORD ----
02/03/2026 15:43:39 - INFO - Inserindo gráfico: SetorG1
02/03/2026 15:43:42 - INFO - Placeholder {SetorG1} substituído com sucesso.
02/03/2026 15:43:42 - INFO - Inserindo texto da célula: B22
02/03/2026 15:43:42 - INFO - Placeholder {SetorB22} substituído com sucesso.
02/03/2026 15:43:42 - INFO - Inserindo texto da célula: G2
02/03/2026 15:43:42 - INFO - Placeholder {SetorG2} substituído com sucesso.
02/03/2026 15:43:42 - INFO - Inserindo texto da célula: F2
02/03/2026 15:43:43 - INFO - Placeholder {SetorF2} substituído com sucesso.
02/03/2026 15:43:43 - INFO - Inserindo texto da célula: G6
02/03/2026 15:43:43 - INFO - Placeholder {SetorG6} substituído com sucesso.
02/03/2026 15:43:43 - INFO - Inserindo texto da célula: F6
02/03/2026 15:43:44 - INFO - Placeholder {SetorF6} substituído com sucesso.
02/03/2026 15:43:47 - INFO - Documento salvo em: C:\Users\Daiane Raso\Desktop\Arquivo\2026\Raio X automatico\automação\RaioX_Teste_Atualizado.docx
02/03/2026 15:43:49 - INFO - Encerrando aplicações.
02/03/2026 15:45:57 - INFO - ---- INICIANDO AUTOMAÇÃO EXCEL -> WORD ----
02/03/2026 15:46:26 - INFO - Inserindo gráfico: SetorG1
02/03/2026 15:46:29 - INFO - Placeholder {SetorG1} substituído com sucesso.
02/03/2026 15:46:29 - INFO - Inserindo texto da célula: B22
02/03/2026 15:46:29 - INFO - Placeholder {SetorB22} substituído com sucesso.
02/03/2026 15:46:29 - INFO - Inserindo texto da célula: G2
02/03/2026 15:46:30 - INFO - Placeholder {SetorG2} substituído com sucesso.
02/03/2026 15:46:30 - INFO - Inserindo texto da célula: F2
02/03/2026 15:46:30 - INFO - Placeholder {SetorF2} substituído com sucesso.
02/03/2026 15:46:30 - INFO - Inserindo texto da célula: G6
02/03/2026 15:46:30 - INFO - Placeholder {SetorG6} substituído com sucesso.
02/03/2026 15:46:31 - INFO - Inserindo texto da célula: F6
02/03/2026 15:46:31 - INFO - Placeholder {SetorF6} substituído com sucesso.
02/03/2026 15:46:35 - INFO - Documento salvo em: C:\Users\Daiane Raso\Desktop\Arquivo\2026\Raio X automatico\automação\RaioX_Teste_Atualizado.docx
02/03/2026 15:46:36 - INFO - Encerrando aplicações.
02/03/2026 15:48:38 - INFO - ---- INICIANDO AUTOMAÇÃO EXCEL -> WORD ----
02/03/2026 15:49:00 - INFO - Inserindo gráfico: SetorG1
02/03/2026 15:49:03 - INFO - Placeholder {SetorG1} substituído com sucesso.
02/03/2026 15:49:03 - INFO - Inserindo texto da célula: B22
02/03/2026 15:49:03 - INFO - Placeholder {SetorB22} substituído com sucesso.
02/03/2026 15:49:03 - INFO - Inserindo texto da célula: G2
02/03/2026 15:49:04 - INFO - Placeholder {SetorG2} substituído com sucesso.
02/03/2026 15:49:04 - INFO - Inserindo texto da célula: F2
02/03/2026 15:49:04 - INFO - Placeholder {SetorF2} substituído com sucesso.
02/03/2026 15:49:04 - INFO - Inserindo texto da célula: G6
02/03/2026 15:49:05 - INFO - Placeholder {SetorG6} substituído com sucesso.
02/03/2026 15:49:05 - INFO - Inserindo texto da célula: F6
02/03/2026 15:49:05 - INFO - Placeholder {SetorF6} substituído com sucesso.
02/03/2026 15:49:09 - INFO - Documento salvo em: C:\Users\Daiane Raso\Desktop\Arquivo\2026\Raio X automatico\automação\RaioX_Teste_Atualizado.docx
02/03/2026 15:49:10 - INFO - Encerrando aplicações.
02/03/2026 15:50:10 - INFO - ---- INICIANDO AUTOMAÇÃO EXCEL -> WORD ----
02/03/2026 15:50:34 - INFO - Inserindo gráfico: SetorG1
02/03/2026 15:50:36 - INFO - Placeholder {SetorG1} substituído com sucesso.
02/03/2026 15:50:36 - INFO - Inserindo texto da célula: B22
02/03/2026 15:50:37 - INFO - Placeholder {SetorB22} substituído com sucesso.
02/03/2026 15:50:37 - INFO - Inserindo texto da célula: G2
02/03/2026 15:50:37 - INFO - Placeholder {SetorG2} substituído com sucesso.
02/03/2026 15:50:37 - INFO - Inserindo texto da célula: F2
02/03/2026 15:50:38 - INFO - Placeholder {SetorF2} substituído com sucesso.
02/03/2026 15:50:38 - INFO - Inserindo texto da célula: G6
02/03/2026 15:50:38 - INFO - Placeholder {SetorG6} substituído com sucesso.
02/03/2026 15:50:38 - INFO - Inserindo texto da célula: F6
02/03/2026 15:50:39 - INFO - Placeholder {SetorF6} substituído com sucesso.
02/03/2026 15:50:42 - INFO - Documento salvo em: C:\Users\Daiane Raso\Desktop\Arquivo\2026\Raio X automatico\automação\RaioX_Teste_Atualizado.docx
02/03/2026 15:59:33 - INFO - ---- INICIANDO AUTOMAÇÃO EXCEL -> WORD ----
02/03/2026 15:59:37 - INFO - Inserindo gráfico: SetorG1
02/03/2026 15:59:39 - INFO - Placeholder {SetorG1} substituído com sucesso.
02/03/2026 15:59:39 - INFO - Inserindo gráfico: BolsaG1
02/03/2026 15:59:42 - INFO - Placeholder {BolsaG1} substituído com sucesso.
02/03/2026 15:59:42 - INFO - Inserindo gráfico: BolsaG2
02/03/2026 15:59:43 - INFO - Placeholder {BolsaG2} substituído com sucesso.
02/03/2026 15:59:43 - ERROR - (-2147352567, 'Exceção.', (0, 'Microsoft Word', 'O Word não pode atribuir o mesmo nome de um documento aberto a outro documento.\nDigite um nome diferente para o documento que você deseja salvar.\r (C:\\Users\\...\\RaioX_Teste_Atualizado.docx)', 'wdmain11.chm', 24633, -2146823135), None)
02/03/2026 16:00:13 - INFO - ---- INICIANDO AUTOMAÇÃO EXCEL -> WORD ----
02/03/2026 16:00:26 - INFO - Inserindo gráfico: SetorG1
02/03/2026 16:00:29 - INFO - Placeholder {SetorG1} substituído com sucesso.
02/03/2026 16:00:29 - INFO - Inserindo gráfico: BolsaG1
02/03/2026 16:00:30 - INFO - Placeholder {BolsaG1} substituído com sucesso.
02/03/2026 16:00:30 - INFO - Inserindo gráfico: BolsaG2
02/03/2026 16:00:31 - INFO - Placeholder {BolsaG2} substituído com sucesso.
02/03/2026 16:00:35 - INFO - Documento salvo em: C:\Users\Daiane Raso\Desktop\Arquivo\2026\Raio X automatico\automação\RaioX_Teste_Atualizado.docx
02/03/2026 16:05:32 - INFO - ---- INICIANDO AUTOMAÇÃO EXCEL -> WORD ----
02/03/2026 16:05:45 - INFO - Processando aba: Slide 6 - Setor
02/03/2026 16:05:45 - INFO - Inserindo gráfico: SetorG1
02/03/2026 16:05:48 - INFO - {SetorG1} substituído com sucesso.
02/03/2026 16:05:48 - INFO - Processando aba: Slide 7 - Bolsa e MV
02/03/2026 16:05:48 - INFO - Inserindo gráfico: BolsaG1
02/03/2026 16:05:49 - INFO - {BolsaG1} substituído com sucesso.
02/03/2026 16:05:50 - INFO - Inserindo gráfico: BolsaG2
02/03/2026 16:05:52 - INFO - {BolsaG2} substituído com sucesso.
02/03/2026 16:05:58 - INFO - Documento salvo em: C:\Users\Daiane Raso\Desktop\Arquivo\2026\Raio X automatico\automação\RaioX_Teste_Atualizado.docx
02/03/2026 16:21:18 - INFO - ---- INICIANDO AUTOMAÇÃO EXCEL -> WORD ----
02/03/2026 16:21:32 - INFO - Processando aba: Slide 6 - Setor
02/03/2026 16:21:32 - INFO - Inserindo gráfico: SetorG1
02/03/2026 16:21:35 - INFO - {SetorG1} substituído com sucesso.
02/03/2026 16:21:35 - INFO - Processando aba: Slide 7 - Bolsa e MV
02/03/2026 16:21:35 - INFO - Inserindo gráfico: BolsaG1
02/03/2026 16:21:36 - INFO - {BolsaG1} substituído com sucesso.
02/03/2026 16:21:36 - INFO - Inserindo gráfico: BolsaG2
02/03/2026 16:21:37 - INFO - {BolsaG2} substituído com sucesso.
02/03/2026 16:21:37 - INFO - Processando aba: Slide 8 - Cat. e Seg.
02/03/2026 16:21:37 - INFO - Inserindo gráfico: CatG1
02/03/2026 16:21:38 - INFO - {CatG1} substituído com sucesso.
02/03/2026 16:21:38 - INFO - Inserindo gráfico: CatG2
02/03/2026 16:21:39 - INFO - {CatG2} substituído com sucesso.
02/03/2026 16:21:39 - INFO - Processando aba: Slide 9 - Mailig Agenda
02/03/2026 16:21:39 - INFO - Inserindo gráfico: AgendaG1
02/03/2026 16:21:40 - INFO - {AgendaG1} substituído com sucesso.
02/03/2026 16:21:40 - INFO - Inserindo gráfico: AgendaG2
02/03/2026 16:21:41 - INFO - {AgendaG2} substituído com sucesso.
02/03/2026 16:21:45 - INFO - Documento salvo em: C:\Users\Daiane Raso\Desktop\Arquivo\2026\Raio X automatico\automação\RaioX_Teste_Atualizado.docx
